    1  cd '/cygdrive/c/Users/alicj/OneDrive - TH Köln/3. Semester/DIS 08.1 Breuer/bashcrawl-stable-2024.02.09/entrance'
    2  cat scroll
    3  ls
    4  cd cellar
    5  ls
    6  cat scroll
    7  alias ls='ls -F'
    8  ls
    9  cd armoury
   10  ls
   11  cd treasure
   12  cd potion
   13  ls
   14  cd chamber
   15  ls
   16  ./scroll
   17  ls
   18  ./spell
   19  ./statue
   20  ls
   21  ./treasure
   22  export I=coins,$I
   23  echo $I
   24  ./statue
   25  cd'/cygdrive/c/Users/alicj/OneDrive - TH Köln/3. Semester/DIS 08.1 Breuer/bashcrawl-stable-2024.02.09/entrance'
   26  cat scroll
   27  cd '/cygdrive/c/Users/alicj/OneDrive - TH Köln/3. Semester/DIS 08.1 Breuer/bashcrawl-stable-2024.02.09/entrance'
   28  cat scroll
   29  ls
   30  cd cellar
   31  ls
   32  ./armory
   33  ./treasure
   34  I=amulet,$I
   35  ls
   36  ./armoury
   37  cd armoury
   38  ls
   39  ./chamber
   40  ./potion
   41  HP=10
   42  ./scroll
   43  cd chamber
   44  ls
   45  ./corpse
   46  ./spell
   47  ln -fs ../../../chapel/courtyard/aviary/hall portal
   48  ls
   49  ./statue
   50  history > bashcrawl.md
   51  pwd
   52  cd'/cygdrive/c/Users/alicj/OneDrive - TH Köln/3. Semester/DIS 08.1 Breuer/bashcrawl-stable-2024.02.09/entrance'
   53  cat scroll
   54  cd '/cygdrive/c/Users/alicj/OneDrive - TH Köln/3. Semester/DIS 08.1 Breuer/bashcrawl-stable-2024.02.09/entrance' 
   55  cat scroll
   56  cd cellar
   57  ls
   58  ls armoury
   59  ls chamber
   60  cd chamber
   61  ./chamber
   62  ./potion
   63  ls potion
   64  cd potion
   65  ./armoury
   66  cd armoury
   67  ls
   68  ls chamber
   69  ls corspe
   70  ./corpse
   71  ls corpse
   72  cd corpse
   73  cd '/cygdrive/c/Users/alicj/OneDrive - TH Köln/3. Semester/DIS 08.1 Breuer/bashcrawl-stable-2024.02.09/entrance' 
   74  cat scroll
   75  cd cellar
   76  ls
   77  ls armoury
   78  ./potion
   79  ls potion
   80  cd potion
   81  cd chamber
   82  cd armoury
   83  ls
   84  ./potion
   85  HP=10
   86  ls
   87  ./treasure
   88  I=sword,$I
   89  ls
   90  ./chamber
   91  cd chamber
   92  ls
   93  ./corpse
   94  ./portal
   95  cd portal
   96  ls
   97  cd chamber
   98  ls
   99  ./library monster
  100  cd library monster
  101  ls
  102  cd
  103  cd armoury
  104  pwd
  105  cd cellar
  106  cd '/cygdrive/c/Users/alicj/OneDrive - TH Köln/3. Semester/DIS 08.1 Breuer/bashcrawl-stable-2024.02.09/entrance' 
  107  cat scroll
  108  cd cellar
  109  ls
  110  ./treasure
  111  I=amulet,$I
  112  cd armoury
  113  ls
  114  ./potion
  115  HP=10
  116  ./treasure
  117  I=sword,$I
  118  cd chamber
  119  ls
  120  ./corpse
  121  ./spell
  122  ls
  123  ./statue
  124  cd portal
  125  ls
  126  cd chamber
  127  rm library monster
  128  ls
  129  cd library
  130  ls
  131  ./scroll
  132  ls
  133  ./tome
  134  ls
  135  cd monster
  136  ls
  137  cd scroll
  138  ./scroll
  139  ls
  140  ls -F
  141  ls
  142  cd
  143  ls
  144  lw
  145  history > bashcrawl.md
  146  cd'/cygdrive/c/Users/alicj/OneDrive - TH Köln/3. Semester/DIS 08.1 Breuer/bashcrawl-stable-2024.02.09/entrance' 
  147  cd '/cygdrive/c/Users/alicj/OneDrive - TH Köln/3. Semester/DIS 08.1 Breuer/bashcrawl-stable-2024.02.09/entrance'
  148  cat scoll
  149  cat scroll
  150  cd cellar
  151  ls
  152  cd armoury
  153  ls
  154  ./potion
  155  HP=10
  156  ls
  157  ./treasure
  158  I=sword,$I
  159  ls
  160  cd armoury
  161  cd chamber
  162  ls
  163  ./treasure
  164  I=coins,$I
  165  ls
  166  ./spell
  167  ls
  168  cd scroll
  169  ./scroll
  170  ls
  171  ./statue
  172  ./portal
  173  cd portal
  174  ls
  175  cd library
  176  ls
  177  cd scroll
  178  ./scroll
  179  ls
  180  ./tome
  181  cd cellar
  182  ls
  183  cd portal
  184  ls
  185  cd portal
  186  cd library
  187  pwd
  188  find armoury
  189  history > bashcrawl.md
  190  history > bashcrawl.log
